*** Using Compiler 'V5.06 update 7 (build 960)', folder: 'E:\MDK5\ARM\ARMCC\Bin'
Build target 'USART'
assembling startup_stm32f103xe.s...
compiling main.c...
compiling gpio.c...
compiling freertos.c...
compiling fsmc.c...
compiling tim.c...
compiling usart.c...
compiling stm32f1xx_it.c...
compiling stm32f1xx_hal_msp.c...
compiling stm32f1xx_hal_timebase_tim.c...
compiling stm32f1xx_hal_gpio_ex.c...
compiling stm32f1xx_hal.c...
compiling stm32f1xx_hal_rcc.c...
compiling stm32f1xx_hal_rcc_ex.c...
compiling stm32f1xx_hal_gpio.c...
compiling stm32f1xx_hal_dma.c...
compiling stm32f1xx_hal_cortex.c...
compiling stm32f1xx_hal_pwr.c...
compiling stm32f1xx_hal_flash.c...
compiling stm32f1xx_hal_flash_ex.c...
compiling stm32f1xx_hal_exti.c...
compiling stm32f1xx_ll_fsmc.c...
compiling stm32f1xx_hal_sram.c...
compiling stm32f1xx_hal_tim.c...
compiling stm32f1xx_hal_tim_ex.c...
compiling stm32f1xx_hal_uart.c...
compiling system_stm32f1xx.c...
compiling croutine.c...
compiling event_groups.c...
compiling list.c...
compiling queue.c...
compiling stream_buffer.c...
compiling tasks.c...
compiling timers.c...
compiling cmsis_os.c...
compiling heap_4.c...
compiling port.c...
compiling key.c...
compiling Encoder.c...
compiling VOFA.C...
compiling PID.c...
compiling motor.c...
..\HARDWAERE\MOTOR\motor.c(63): error:  #147-D: declaration is incompatible with "void V_Limit(int *, int *, int)"  (declared at line 40 of "..\HARDWAERE\MOTOR\motor.h")
  void V_Limit(int *motoA,int *motoB,int max,int max2)
..\HARDWAERE\MOTOR\motor.c: 0 warnings, 1 error
compiling control.c...
..\HARDWAERE\control\control.c(36): error:  #140: too many arguments in function call
                V_Limit(&Moto1,&Moto2,location_increment_target_val,location_increment_target_val2);
..\HARDWAERE\control\control.c: 0 warnings, 1 error
compiling LCD.c...
"USART\USART.axf" - 2 Error(s), 0 Warning(s).
Target not created.
